<?xml version="1.0" encoding="UTF-8" ?>
<testsuites>
  <testsuite errors="1" failures="0" hostname="LAPTOP-K7DNVF2Q" id="0" name="MainTest" package="" skipped="0" tests="1" time="0.077" timestamp="2023-05-15T00:43:57">
      <properties>
[...]
</properties>

      <testcase classname="MainTest" name="initializationError" time="0.003">
          <error message="Invalid test class &apos;MainTest&apos;:&#xa;  1. The class MainTest is not public.&#xa;  2. Test class should have exactly one public constructor&#xa;  3. No runnable methods" type="org.junit.runners.model.InvalidTestClassError">org.junit.runners.model.InvalidTestClassError: Invalid test class &apos;MainTest&apos;:
  1. The class MainTest is not public.
  2. Test class should have exactly one public constructor
  3. No runnable methods
	at java.base/jdk.internal.reflect.NativeConstructorAccessorImpl.newInstance0(Native Method)
	at java.base/jdk.internal.reflect.NativeConstructorAccessorImpl.newInstance(NativeConstructorAccessorImpl.java:77)
	at java.base/jdk.internal.reflect.DelegatingConstructorAccessorImpl.newInstance(DelegatingConstructorAccessorImpl.java:45)
	at java.base/java.lang.reflect.Constructor.newInstanceWithCaller(Constructor.java:499)
	at java.base/java.lang.reflect.Constructor.newInstance(Constructor.java:480)
</error>

      </testcase>

      <system-out><![CDATA[]]></system-out>

      <system-err><![CDATA[]]></system-err>

  </testsuite>
</testsuites>
